=== RUN   TestFiberMapMemoryCorruption
17:44:44.186 NewServer ▶ INFO 001[0m Encryption: false
17:44:44.187 StartInternal ▶ INFO 002[0m Starting YAxC server on 
[;mCCHE[0m <- Set val::helloworld = 8a6a8d0bd78b0da907b091a755e69f61
[;mCCHE[0m <- Set hash::helloworld = 8a6a8d0bd78b0da907b091a755e69f61
[;mCCHE[0m -> Get hash::helloworld = orld8d0bd78b0da907b091a755e69f61
[33m17:44:44.189 handleGetHashAnywhere ▶ WARN 003[0m 0.0.0.0 requested HASH helloworld with result orld8d0bd78b0da907b091a755e69f61
    cache_test.go:50: 
        	Error Trace:	cache_test.go:50
        	Error:      	Not equal: 
        	            	expected: "8a6a8d0bd78b0da907b091a755e69f61"
        	            	actual  : "orld8d0bd78b0da907b091a755e69f61"
        	            	
        	            	Diff:
        	            	--- Expected
        	            	+++ Actual
        	            	@@ -1 +1 @@
        	            	-8a6a8d0bd78b0da907b091a755e69f61
        	            	+orld8d0bd78b0da907b091a755e69f61
        	Test:       	TestFiberMapMemoryCorruption
--- FAIL: TestFiberMapMemoryCorruption (0.00s)
FAIL
coverage: 51.4% of statements
FAIL	github.com/darmiel/yaxc/internal/bcache	0.030s
FAIL
